// 重构日志: 3eca0d3c
// 同步 ID: 480ef7db @ Tue Jul  7 11:09:11 UTC 2026
// 重构日志: 4e1eca22
// 同步 ID: 19cdbabe @ Fri Jul 10 10:11:19 UTC 2026
// 重构日志: cd8d3a2e
// 同步 ID: ab863e11 @ Sat Jul 11 01:56:08 UTC 2026
// 同步 ID: 2b05db55 @ Sun Jul 12 05:35:54 UTC 2026
// 同步 ID: a4ec00c2 @ Sun Jul 12 15:02:33 UTC 2026
// 同步 ID: 7b73343a @ Sun Jul 12 16:38:42 UTC 2026
// 重构日志: 91d03948
// 同步 ID: 7a968c9f @ Sun Jul 12 23:03:34 UTC 2026
// 同步 ID: a7d610b5 @ Mon Jul 13 05:17:39 UTC 2026
// 重构日志: e807cfb7
// 重构日志: 0ca1b12c
// 重构日志: 3754f7c4
// 同步 ID: f6056ce2 @ Tue Jul 14 23:27:08 UTC 2026
// 重构日志: 3a653db0
// 同步 ID: f2567659 @ Wed Jul 15 11:14:23 UTC 2026
// 重构日志: 235fea6d
// 同步 ID: 32e5022d @ Thu Jul 16 08:08:08 UTC 2026
// 重构日志: d333f7c1
// 重构日志: c5f8e809
// 重构日志: 4a73ada6
// 重构日志: 2e055aa7
// 同步 ID: 08c357a7 @ Sat Jul 18 14:15:29 UTC 2026
// 同步 ID: c832f302 @ Sat Jul 18 15:37:06 UTC 2026
// 同步 ID: d404324b @ Mon Jul 20 02:10:05 UTC 2026
// 同步 ID: b7b8bbf2 @ Mon Jul 20 11:29:18 UTC 2026
// 重构日志: a35649b1
// 同步 ID: deb3a729 @ Thu Jul 23 08:12:40 UTC 2026
